#
# There is insufficient memory for the Java Runtime Environment to continue.
# Native memory allocation (malloc) failed to allocate 1059856 bytes for Chunk::new
# Possible reasons:
#   The system is out of physical RAM or swap space
#   The process is running with CompressedOops enabled, and the Java Heap may be blocking the growth of the native heap
# Possible solutions:
#   Reduce memory load on the system
#   Increase physical memory or swap space
#   Check if swap backing store is full
#   Decrease Java heap size (-Xmx/-Xms)
#   Decrease number of Java threads
#   Decrease Java thread stack sizes (-Xss)
#   Set larger code cache with -XX:ReservedCodeCacheSize=
#   JVM is running with Unscaled Compressed Oops mode in which the Java heap is
#     placed in the first 4GB address space. The Java Heap base address is the
#     maximum limit for the native heap growth. Please use -XX:HeapBaseMinAddress
#     to set the Java Heap base and to place the Java Heap above 4GB virtual address.
# This output file may be truncated or incomplete.
#
#  Out of Memory Error (arena.cpp:189), pid=8308, tid=19388
#
# JRE version: OpenJDK Runtime Environment (17.0+35) (build 17+35-2724)
# Java VM: OpenJDK 64-Bit Server VM (17+35-2724, mixed mode, sharing, tiered, compressed oops, compressed class ptrs, g1 gc, windows-amd64)
# No core dump will be written. Minidumps are not enabled by default on client versions of Windows
#

---------------  S U M M A R Y ------------

Command Line: -Dfile.encoding=x-windows-949 -Duser.country=KR -Duser.language=ko -Duser.variant com.buddyFriends.buddyFriends.BuddyFriendsApplication

Host: Intel(R) Core(TM) i5-10210U CPU @ 1.60GHz, 8 cores, 3G,  Windows 10 , 64 bit Build 19041 (10.0.19041.3636)
Time: Sun Feb  4 23:57:11 2024  Windows 10 , 64 bit Build 19041 (10.0.19041.3636) elapsed time: 855.811498 seconds (0d 0h 14m 15s)

---------------  T H R E A D  ---------------

Current thread (0x000001e784890dc0):  JavaThread "C2 CompilerThread0" daemon [_thread_in_native, id=19388, stack(0x0000001635e00000,0x0000001635f00000)]


Current CompileTask:
C2: 855812 9621 %     4       com.mysql.cj.QueryInfo::<init> @ 448 (1618 bytes)

Stack: [0x0000001635e00000,0x0000001635f00000]
Native frames: (J=compiled Java code, j=interpreted, Vv=VM code, C=native code)
V  [jvm.dll+0x66f8ea]
V  [jvm.dll+0x7ce224]
V  [jvm.dll+0x7cf9ce]
V  [jvm.dll+0x7d0033]
V  [jvm.dll+0x242bb5]
V  [jvm.dll+0xaa05b]
V  [jvm.dll+0xaa5ec]
V  [jvm.dll+0x35f9a2]
V  [jvm.dll+0x329f61]
V  [jvm.dll+0x32940a]
V  [jvm.dll+0x215ca1]
V  [jvm.dll+0x2150c1]
V  [jvm.dll+0x1a168d]
V  [jvm.dll+0x2248f8]
V  [jvm.dll+0x222a5c]
V  [jvm.dll+0x78422b]
V  [jvm.dll+0x77e7ea]
V  [jvm.dll+0x66e715]
C  [ucrtbase.dll+0x21bb2]
C  [KERNEL32.DLL+0x17344]
C  [ntdll.dll+0x526b1]


---------------  P R O C E S S  ---------------

Threads class SMR info:
_java_thread_list=0x000001e7889da170, length=30, elements={
0x000001e7e6fdb830, 0x000001e7e6fdce40, 0x000001e784884e60, 0x000001e784886930,
0x000001e784889a90, 0x000001e78488f0f0, 0x000001e784890dc0, 0x000001e784893870,
0x000001e7848a81e0, 0x000001e78546d2d0, 0x000001e785475e60, 0x000001e785c1e8c0,
0x000001e788322020, 0x000001e7883224f0, 0x000001e785c59d90, 0x000001e787fc66b0,
0x000001e78a6db4f0, 0x000001e78a6d89a0, 0x000001e78a6db9c0, 0x000001e78a6db020,
0x000001e78a6dbe90, 0x000001e78a6dc360, 0x000001e78a6d8e70, 0x000001e78a6d9340,
0x000001e78a6d9810, 0x000001e78a6da680, 0x000001e78a6d9ce0, 0x000001e78a6da1b0,
0x000001e78a6dab50, 0x000001e78a4eb0e0
}

Java Threads: ( => current thread )
  0x000001e7e6fdb830 JavaThread "Reference Handler" daemon [_thread_blocked, id=19296, stack(0x0000001635800000,0x0000001635900000)]
  0x000001e7e6fdce40 JavaThread "Finalizer" daemon [_thread_blocked, id=19520, stack(0x0000001635900000,0x0000001635a00000)]
  0x000001e784884e60 JavaThread "Signal Dispatcher" daemon [_thread_blocked, id=12296, stack(0x0000001635a00000,0x0000001635b00000)]
  0x000001e784886930 JavaThread "Attach Listener" daemon [_thread_blocked, id=13164, stack(0x0000001635b00000,0x0000001635c00000)]
  0x000001e784889a90 JavaThread "Service Thread" daemon [_thread_blocked, id=18292, stack(0x0000001635c00000,0x0000001635d00000)]
  0x000001e78488f0f0 JavaThread "Monitor Deflation Thread" daemon [_thread_blocked, id=20444, stack(0x0000001635d00000,0x0000001635e00000)]
=>0x000001e784890dc0 JavaThread "C2 CompilerThread0" daemon [_thread_in_native, id=19388, stack(0x0000001635e00000,0x0000001635f00000)]
  0x000001e784893870 JavaThread "C1 CompilerThread0" daemon [_thread_in_vm, id=16928, stack(0x0000001635f00000,0x0000001636000000)]
  0x000001e7848a81e0 JavaThread "Sweeper thread" daemon [_thread_blocked, id=14492, stack(0x0000001636000000,0x0000001636100000)]
  0x000001e78546d2d0 JavaThread "Notification Thread" daemon [_thread_blocked, id=20000, stack(0x0000001636100000,0x0000001636200000)]
  0x000001e785475e60 JavaThread "Common-Cleaner" daemon [_thread_blocked, id=4904, stack(0x0000001636300000,0x0000001636400000)]
  0x000001e785c1e8c0 JavaThread "Catalina-utility-1" [_thread_blocked, id=17900, stack(0x0000001636c00000,0x0000001636d00000)]
  0x000001e788322020 JavaThread "Catalina-utility-2" [_thread_blocked, id=17148, stack(0x0000001636d00000,0x0000001636e00000)]
  0x000001e7883224f0 JavaThread "container-0" [_thread_blocked, id=3260, stack(0x0000001636e00000,0x0000001636f00000)]
  0x000001e785c59d90 JavaThread "mysql-cj-abandoned-connection-cleanup" daemon [_thread_blocked, id=15600, stack(0x0000001636f00000,0x0000001637000000)]
  0x000001e787fc66b0 JavaThread "HikariPool-1 housekeeper" daemon [_thread_blocked, id=18924, stack(0x0000001637100000,0x0000001637200000)]
  0x000001e78a6db4f0 JavaThread "java-sdk-http-connection-reaper" daemon [_thread_blocked, id=14024, stack(0x0000001637200000,0x0000001637300000)]
  0x000001e78a6d89a0 JavaThread "http-nio-127.0.0.1-8080-exec-1" daemon [_thread_blocked, id=4324, stack(0x0000001637300000,0x0000001637400000)]
  0x000001e78a6db9c0 JavaThread "http-nio-127.0.0.1-8080-exec-2" daemon [_thread_in_native, id=17316, stack(0x0000001637400000,0x0000001637500000)]
  0x000001e78a6db020 JavaThread "http-nio-127.0.0.1-8080-exec-3" daemon [_thread_blocked, id=2572, stack(0x0000001637500000,0x0000001637600000)]
  0x000001e78a6dbe90 JavaThread "http-nio-127.0.0.1-8080-exec-4" daemon [_thread_in_native, id=18472, stack(0x0000001637600000,0x0000001637700000)]
  0x000001e78a6dc360 JavaThread "http-nio-127.0.0.1-8080-exec-5" daemon [_thread_in_Java, id=9692, stack(0x0000001637700000,0x0000001637800000)]
  0x000001e78a6d8e70 JavaThread "http-nio-127.0.0.1-8080-exec-6" daemon [_thread_blocked, id=17992, stack(0x0000001637800000,0x0000001637900000)]
  0x000001e78a6d9340 JavaThread "http-nio-127.0.0.1-8080-exec-7" daemon [_thread_in_native, id=6096, stack(0x0000001637900000,0x0000001637a00000)]
  0x000001e78a6d9810 JavaThread "http-nio-127.0.0.1-8080-exec-8" daemon [_thread_blocked, id=11864, stack(0x0000001637a00000,0x0000001637b00000)]
  0x000001e78a6da680 JavaThread "http-nio-127.0.0.1-8080-exec-9" daemon [_thread_in_Java, id=18008, stack(0x0000001637b00000,0x0000001637c00000)]
  0x000001e78a6d9ce0 JavaThread "http-nio-127.0.0.1-8080-exec-10" daemon [_thread_blocked, id=19548, stack(0x0000001637c00000,0x0000001637d00000)]
  0x000001e78a6da1b0 JavaThread "http-nio-127.0.0.1-8080-Poller" daemon [_thread_in_native, id=13204, stack(0x0000001637d00000,0x0000001637e00000)]
  0x000001e78a6dab50 JavaThread "http-nio-127.0.0.1-8080-Acceptor" daemon [_thread_in_native, id=20116, stack(0x0000001637e00000,0x0000001637f00000)]
  0x000001e78a4eb0e0 JavaThread "DestroyJavaVM" [_thread_blocked, id=18740, stack(0x0000001635100000,0x0000001635200000)]

Other Threads:
  0x000001e7e6fd4bd0 VMThread "VM Thread" [stack: 0x0000001635700000,0x0000001635800000] [id=17568]
  0x000001e785473bc0 WatcherThread [stack: 0x0000001636200000,0x0000001636300000] [id=20156]
  0x000001e7e6f486d0 GCTaskThread "GC Thread#0" [stack: 0x0000001635200000,0x0000001635300000] [id=924]
  0x000001e785d86c50 GCTaskThread "GC Thread#1" [stack: 0x0000001636400000,0x0000001636500000] [id=20184]
  0x000001e785d2f1b0 GCTaskThread "GC Thread#2" [stack: 0x0000001636500000,0x0000001636600000] [id=19472]
  0x000001e785da7050 GCTaskThread "GC Thread#3" [stack: 0x0000001636600000,0x0000001636700000] [id=148]
  0x000001e785de64d0 GCTaskThread "GC Thread#4" [stack: 0x0000001636700000,0x0000001636800000] [id=19668]
  0x000001e7863f0ed0 GCTaskThread "GC Thread#5" [stack: 0x0000001636900000,0x0000001636a00000] [id=20396]
  0x000001e785f22e90 GCTaskThread "GC Thread#6" [stack: 0x0000001636a00000,0x0000001636b00000] [id=19864]
  0x000001e786178730 GCTaskThread "GC Thread#7" [stack: 0x0000001636b00000,0x0000001636c00000] [id=3080]
  0x000001e7e6f518b0 ConcurrentGCThread "G1 Main Marker" [stack: 0x0000001635300000,0x0000001635400000] [id=20328]
  0x000001e7e6f53bb0 ConcurrentGCThread "G1 Conc#0" [stack: 0x0000001635400000,0x0000001635500000] [id=18804]
  0x000001e786e1ca50 ConcurrentGCThread "G1 Conc#1" [stack: 0x0000001636800000,0x0000001636900000] [id=17192]
  0x000001e7e6fa2670 ConcurrentGCThread "G1 Refine#0" [stack: 0x0000001635500000,0x0000001635600000] [id=480]
  0x000001e7e6fa3090 ConcurrentGCThread "G1 Service" [stack: 0x0000001635600000,0x0000001635700000] [id=20028]

Threads with active compile tasks:
C2 CompilerThread0   855983 9621 %     4       com.mysql.cj.QueryInfo::<init> @ 448 (1618 bytes)
C1 CompilerThread0   855983 9933   !   2       com.mysql.cj.jdbc.StatementImpl::isCloseOnCompletion (34 bytes)

VM state: not at safepoint (normal execution)

VM Mutex/Monitor currently owned by a thread: None

Heap address: 0x00000000c2800000, size: 984 MB, Compressed Oops mode: 32-bit

CDS archive(s) mapped at: [0x0000000800000000-0x0000000800bc0000-0x0000000800bc0000), size 12320768, SharedBaseAddress: 0x0000000800000000, ArchiveRelocationMode: 0.
Compressed class space mapped at: 0x0000000800c00000-0x0000000840c00000, reserved size: 1073741824
Narrow klass base: 0x0000000800000000, Narrow klass shift: 0, Narrow klass range: 0x100000000

GC Precious Log:
 CPUs: 8 total, 8 available
 Memory: 3929M
 Large Page Support: Disabled
 NUMA Support: Disabled
 Compressed Oops: Enabled (32-bit)
 Heap Region Size: 1M
 Heap Min Capacity: 8M
 Heap Initial Capacity: 62M
 Heap Max Capacity: 984M
 Pre-touch: Disabled
 Parallel Workers: 8
 Concurrent Workers: 2
 Concurrent Refinement Workers: 8
 Periodic GC: Disabled

Heap:
 garbage-first heap   total 164864K, used 107137K [0x00000000c2800000, 0x0000000100000000)
  region size 1024K, 79 young (80896K), 4 survivors (4096K)
 Metaspace       used 78263K, committed 78912K, reserved 1122304K
  class space    used 10346K, committed 10688K, reserved 1048576K

Heap Regions: E=young(eden), S=young(survivor), O=old, HS=humongous(starts), HC=humongous(continues), CS=collection set, F=free, OA=open archive, CA=closed archive, TAMS=top-at-mark-start (previous, next)
|   0|0x00000000c2800000, 0x00000000c2900000, 0x00000000c2900000|100%|HS|  |TAMS 0x00000000c2900000, 0x00000000c2800000| Complete 
|   1|0x00000000c2900000, 0x00000000c2a00000, 0x00000000c2a00000|100%| O|  |TAMS 0x00000000c2a00000, 0x00000000c2900000| Untracked 
|   2|0x00000000c2a00000, 0x00000000c2b00000, 0x00000000c2b00000|100%| O|  |TAMS 0x00000000c2b00000, 0x00000000c2a00000| Untracked 
|   3|0x00000000c2b00000, 0x00000000c2c00000, 0x00000000c2c00000|100%| O|  |TAMS 0x00000000c2c00000, 0x00000000c2b00000| Untracked 
|   4|0x00000000c2c00000, 0x00000000c2d00000, 0x00000000c2d00000|100%| O|  |TAMS 0x00000000c2d00000, 0x00000000c2c00000| Untracked 
|   5|0x00000000c2d00000, 0x00000000c2e00000, 0x00000000c2e00000|100%| O|  |TAMS 0x00000000c2e00000, 0x00000000c2d00000| Untracked 
|   6|0x00000000c2e00000, 0x00000000c2f00000, 0x00000000c2f00000|100%| O|  |TAMS 0x00000000c2f00000, 0x00000000c2e00000| Untracked 
|   7|0x00000000c2f00000, 0x00000000c3000000, 0x00000000c3000000|100%| O|  |TAMS 0x00000000c3000000, 0x00000000c2f00000| Untracked 
|   8|0x00000000c3000000, 0x00000000c3100000, 0x00000000c3100000|100%| O|  |TAMS 0x00000000c3100000, 0x00000000c3000000| Untracked 
|   9|0x00000000c3100000, 0x00000000c3200000, 0x00000000c3200000|100%| O|  |TAMS 0x00000000c3200000, 0x00000000c3100000| Untracked 
|  10|0x00000000c3200000, 0x00000000c3300000, 0x00000000c3300000|100%| O|  |TAMS 0x00000000c3300000, 0x00000000c3200000| Untracked 
|  11|0x00000000c3300000, 0x00000000c3400000, 0x00000000c3400000|100%| O|  |TAMS 0x00000000c3400000, 0x00000000c3300000| Untracked 
|  12|0x00000000c3400000, 0x00000000c3500000, 0x00000000c3500000|100%| O|  |TAMS 0x00000000c3500000, 0x00000000c3400000| Untracked 
|  13|0x00000000c3500000, 0x00000000c3600000, 0x00000000c3600000|100%| O|  |TAMS 0x00000000c3600000, 0x00000000c3500000| Untracked 
|  14|0x00000000c3600000, 0x00000000c3700000, 0x00000000c3700000|100%| O|  |TAMS 0x00000000c3700000, 0x00000000c3600000| Untracked 
|  15|0x00000000c3700000, 0x00000000c3800000, 0x00000000c3800000|100%| O|  |TAMS 0x00000000c3800000, 0x00000000c3700000| Untracked 
|  16|0x00000000c3800000, 0x00000000c3900000, 0x00000000c3900000|100%| O|  |TAMS 0x00000000c3900000, 0x00000000c3800000| Untracked 
|  17|0x00000000c3900000, 0x00000000c3a00000, 0x00000000c3a00000|100%| O|  |TAMS 0x00000000c3a00000, 0x00000000c3900000| Untracked 
|  18|0x00000000c3a00000, 0x00000000c3b00000, 0x00000000c3b00000|100%| O|  |TAMS 0x00000000c3b00000, 0x00000000c3a00000| Untracked 
|  19|0x00000000c3b00000, 0x00000000c3c00000, 0x00000000c3c00000|100%| O|  |TAMS 0x00000000c3c00000, 0x00000000c3b00000| Untracked 
|  20|0x00000000c3c00000, 0x00000000c3d00000, 0x00000000c3d00000|100%| O|  |TAMS 0x00000000c3c00000, 0x00000000c3c00000| Untracked 
|  21|0x00000000c3d00000, 0x00000000c3e00000, 0x00000000c3e00000|100%| O|  |TAMS 0x00000000c3dcf800, 0x00000000c3d00000| Untracked 
|  22|0x00000000c3e00000, 0x00000000c3f00000, 0x00000000c3f00000|100%| O|  |TAMS 0x00000000c3e00000, 0x00000000c3e00000| Untracked 
|  23|0x00000000c3f00000, 0x00000000c4000000, 0x00000000c4000000|100%| O|  |TAMS 0x00000000c3f00000, 0x00000000c3f00000| Untracked 
|  24|0x00000000c4000000, 0x00000000c4100000, 0x00000000c4100000|100%| O|  |TAMS 0x00000000c4000000, 0x00000000c4000000| Untracked 
|  25|0x00000000c4100000, 0x00000000c4200000, 0x00000000c4200000|100%| O|  |TAMS 0x00000000c4100000, 0x00000000c4100000| Untracked 
|  26|0x00000000c4200000, 0x00000000c4300000, 0x00000000c4300000|100%| O|  |TAMS 0x00000000c4200000, 0x00000000c4200000| Untracked 
|  27|0x00000000c4300000, 0x00000000c4400000, 0x00000000c4400000|100%| O|  |TAMS 0x00000000c4300000, 0x00000000c4300000| Untracked 
|  28|0x00000000c4400000, 0x00000000c4400000, 0x00000000c4500000|  0%| F|  |TAMS 0x00000000c4400000, 0x00000000c4400000| Untracked 
|  29|0x00000000c4500000, 0x00000000c4500000, 0x00000000c4600000|  0%| F|  |TAMS 0x00000000c4500000, 0x00000000c4500000| Untracked 
|  30|0x00000000c4600000, 0x00000000c4600000, 0x00000000c4700000|  0%| F|  |TAMS 0x00000000c4600000, 0x00000000c4600000| Untracked 
|  31|0x00000000c4700000, 0x00000000c4700000, 0x00000000c4800000|  0%| F|  |TAMS 0x00000000c4700000, 0x00000000c4700000| Untracked 
|  32|0x00000000c4800000, 0x00000000c4800000, 0x00000000c4900000|  0%| F|  |TAMS 0x00000000c4800000, 0x00000000c4800000| Untracked 
|  33|0x00000000c4900000, 0x00000000c4900000, 0x00000000c4a00000|  0%| F|  |TAMS 0x00000000c4900000, 0x00000000c4900000| Untracked 
|  34|0x00000000c4a00000, 0x00000000c4a00000, 0x00000000c4b00000|  0%| F|  |TAMS 0x00000000c4a00000, 0x00000000c4a00000| Untracked 
|  35|0x00000000c4b00000, 0x00000000c4b00000, 0x00000000c4c00000|  0%| F|  |TAMS 0x00000000c4b00000, 0x00000000c4b00000| Untracked 
|  36|0x00000000c4c00000, 0x00000000c4c00000, 0x00000000c4d00000|  0%| F|  |TAMS 0x00000000c4c00000, 0x00000000c4c00000| Untracked 
|  37|0x00000000c4d00000, 0x00000000c4da0670, 0x00000000c4e00000| 62%| S|CS|TAMS 0x00000000c4d00000, 0x00000000c4d00000| Complete 
|  38|0x00000000c4e00000, 0x00000000c4f00000, 0x00000000c4f00000|100%| S|CS|TAMS 0x00000000c4e00000, 0x00000000c4e00000| Complete 
|  39|0x00000000c4f00000, 0x00000000c5000000, 0x00000000c5000000|100%| S|CS|TAMS 0x00000000c4f00000, 0x00000000c4f00000| Complete 
|  40|0x00000000c5000000, 0x00000000c5000000, 0x00000000c5100000|  0%| F|  |TAMS 0x00000000c5000000, 0x00000000c5000000| Untracked 
|  41|0x00000000c5100000, 0x00000000c5100000, 0x00000000c5200000|  0%| F|  |TAMS 0x00000000c5100000, 0x00000000c5100000| Untracked 
|  42|0x00000000c5200000, 0x00000000c5300000, 0x00000000c5300000|100%| S|CS|TAMS 0x00000000c5200000, 0x00000000c5200000| Complete 
|  43|0x00000000c5300000, 0x00000000c5300000, 0x00000000c5400000|  0%| F|  |TAMS 0x00000000c5300000, 0x00000000c5300000| Untracked 
|  44|0x00000000c5400000, 0x00000000c5400000, 0x00000000c5500000|  0%| F|  |TAMS 0x00000000c5400000, 0x00000000c5400000| Untracked 
|  45|0x00000000c5500000, 0x00000000c5500000, 0x00000000c5600000|  0%| F|  |TAMS 0x00000000c5500000, 0x00000000c5500000| Untracked 
|  46|0x00000000c5600000, 0x00000000c5600000, 0x00000000c5700000|  0%| F|  |TAMS 0x00000000c5600000, 0x00000000c5600000| Untracked 
|  47|0x00000000c5700000, 0x00000000c5700000, 0x00000000c5800000|  0%| F|  |TAMS 0x00000000c5700000, 0x00000000c5700000| Untracked 
|  48|0x00000000c5800000, 0x00000000c5800000, 0x00000000c5900000|  0%| F|  |TAMS 0x00000000c5800000, 0x00000000c5800000| Untracked 
|  49|0x00000000c5900000, 0x00000000c5900000, 0x00000000c5a00000|  0%| F|  |TAMS 0x00000000c5900000, 0x00000000c5900000| Untracked 
|  50|0x00000000c5a00000, 0x00000000c5a00000, 0x00000000c5b00000|  0%| F|  |TAMS 0x00000000c5a00000, 0x00000000c5a00000| Untracked 
|  51|0x00000000c5b00000, 0x00000000c5b00000, 0x00000000c5c00000|  0%| F|  |TAMS 0x00000000c5b00000, 0x00000000c5b00000| Untracked 
|  52|0x00000000c5c00000, 0x00000000c5c00000, 0x00000000c5d00000|  0%| F|  |TAMS 0x00000000c5c00000, 0x00000000c5c00000| Untracked 
|  53|0x00000000c5d00000, 0x00000000c5d00000, 0x00000000c5e00000|  0%| F|  |TAMS 0x00000000c5d00000, 0x00000000c5d00000| Untracked 
|  54|0x00000000c5e00000, 0x00000000c5e00000, 0x00000000c5f00000|  0%| F|  |TAMS 0x00000000c5e00000, 0x00000000c5e00000| Untracked 
|  55|0x00000000c5f00000, 0x00000000c5f00000, 0x00000000c6000000|  0%| F|  |TAMS 0x00000000c5f00000, 0x00000000c5f00000| Untracked 
|  56|0x00000000c6000000, 0x00000000c6000000, 0x00000000c6100000|  0%| F|  |TAMS 0x00000000c6000000, 0x00000000c6000000| Untracked 
|  57|0x00000000c6100000, 0x00000000c6100000, 0x00000000c6200000|  0%| F|  |TAMS 0x00000000c6100000, 0x00000000c6100000| Untracked 
|  58|0x00000000c6200000, 0x00000000c6200000, 0x00000000c6300000|  0%| F|  |TAMS 0x00000000c6200000, 0x00000000c6200000| Untracked 
|  59|0x00000000c6300000, 0x00000000c6300000, 0x00000000c6400000|  0%| F|  |TAMS 0x00000000c6300000, 0x00000000c6300000| Untracked 
|  60|0x00000000c6400000, 0x00000000c6400000, 0x00000000c6500000|  0%| F|  |TAMS 0x00000000c6400000, 0x00000000c6400000| Untracked 
|  61|0x00000000c6500000, 0x00000000c6500000, 0x00000000c6600000|  0%| F|  |TAMS 0x00000000c6500000, 0x00000000c6500000| Untracked 
|  62|0x00000000c6600000, 0x00000000c6600000, 0x00000000c6700000|  0%| F|  |TAMS 0x00000000c6600000, 0x00000000c6600000| Untracked 
|  63|0x00000000c6700000, 0x00000000c6700000, 0x00000000c6800000|  0%| F|  |TAMS 0x00000000c6700000, 0x00000000c6700000| Untracked 
|  64|0x00000000c6800000, 0x00000000c6800000, 0x00000000c6900000|  0%| F|  |TAMS 0x00000000c6800000, 0x00000000c6800000| Untracked 
|  65|0x00000000c6900000, 0x00000000c6900000, 0x00000000c6a00000|  0%| F|  |TAMS 0x00000000c6900000, 0x00000000c6900000| Untracked 
|  66|0x00000000c6a00000, 0x00000000c6a00000, 0x00000000c6b00000|  0%| F|  |TAMS 0x00000000c6a00000, 0x00000000c6a00000| Untracked 
|  67|0x00000000c6b00000, 0x00000000c6b00000, 0x00000000c6c00000|  0%| F|  |TAMS 0x00000000c6b00000, 0x00000000c6b00000| Untracked 
|  68|0x00000000c6c00000, 0x00000000c6c00000, 0x00000000c6d00000|  0%| F|  |TAMS 0x00000000c6c00000, 0x00000000c6c00000| Untracked 
|  69|0x00000000c6d00000, 0x00000000c6d00000, 0x00000000c6e00000|  0%| F|  |TAMS 0x00000000c6d00000, 0x00000000c6d00000| Untracked 
|  70|0x00000000c6e00000, 0x00000000c6e00000, 0x00000000c6f00000|  0%| F|  |TAMS 0x00000000c6e00000, 0x00000000c6e00000| Untracked 
|  71|0x00000000c6f00000, 0x00000000c6f00000, 0x00000000c7000000|  0%| F|  |TAMS 0x00000000c6f00000, 0x00000000c6f00000| Untracked 
|  72|0x00000000c7000000, 0x00000000c7000000, 0x00000000c7100000|  0%| F|  |TAMS 0x00000000c7000000, 0x00000000c7000000| Untracked 
|  73|0x00000000c7100000, 0x00000000c7100000, 0x00000000c7200000|  0%| F|  |TAMS 0x00000000c7100000, 0x00000000c7100000| Untracked 
|  74|0x00000000c7200000, 0x00000000c7200000, 0x00000000c7300000|  0%| F|  |TAMS 0x00000000c7200000, 0x00000000c7200000| Untracked 
|  75|0x00000000c7300000, 0x00000000c7300000, 0x00000000c7400000|  0%| F|  |TAMS 0x00000000c7300000, 0x00000000c7300000| Untracked 
|  76|0x00000000c7400000, 0x00000000c7400000, 0x00000000c7500000|  0%| F|  |TAMS 0x00000000c7400000, 0x00000000c7400000| Untracked 
|  77|0x00000000c7500000, 0x00000000c7500000, 0x00000000c7600000|  0%| F|  |TAMS 0x00000000c7500000, 0x00000000c7500000| Untracked 
|  78|0x00000000c7600000, 0x00000000c7600000, 0x00000000c7700000|  0%| F|  |TAMS 0x00000000c7600000, 0x00000000c7600000| Untracked 
|  79|0x00000000c7700000, 0x00000000c7700000, 0x00000000c7800000|  0%| F|  |TAMS 0x00000000c7700000, 0x00000000c7700000| Untracked 
|  80|0x00000000c7800000, 0x00000000c7800000, 0x00000000c7900000|  0%| F|  |TAMS 0x00000000c7800000, 0x00000000c7800000| Untracked 
|  81|0x00000000c7900000, 0x00000000c7900000, 0x00000000c7a00000|  0%| F|  |TAMS 0x00000000c7900000, 0x00000000c7900000| Untracked 
|  82|0x00000000c7a00000, 0x00000000c7a00000, 0x00000000c7b00000|  0%| F|  |TAMS 0x00000000c7a00000, 0x00000000c7a00000| Untracked 
|  83|0x00000000c7b00000, 0x00000000c7b00000, 0x00000000c7c00000|  0%| F|  |TAMS 0x00000000c7b00000, 0x00000000c7b00000| Untracked 
|  84|0x00000000c7c00000, 0x00000000c7c00000, 0x00000000c7d00000|  0%| F|  |TAMS 0x00000000c7c00000, 0x00000000c7c00000| Untracked 
|  85|0x00000000c7d00000, 0x00000000c7d00000, 0x00000000c7e00000|  0%| F|  |TAMS 0x00000000c7d00000, 0x00000000c7d00000| Untracked 
|  86|0x00000000c7e00000, 0x00000000c7e9d878, 0x00000000c7f00000| 61%| E|  |TAMS 0x00000000c7e00000, 0x00000000c7e00000| Complete 
|  87|0x00000000c7f00000, 0x00000000c8000000, 0x00000000c8000000|100%| E|CS|TAMS 0x00000000c7f00000, 0x00000000c7f00000| Complete 
|  88|0x00000000c8000000, 0x00000000c8100000, 0x00000000c8100000|100%| E|CS|TAMS 0x00000000c8000000, 0x00000000c8000000| Complete 
|  89|0x00000000c8100000, 0x00000000c8200000, 0x00000000c8200000|100%| E|CS|TAMS 0x00000000c8100000, 0x00000000c8100000| Complete 
|  90|0x00000000c8200000, 0x00000000c8300000, 0x00000000c8300000|100%| E|CS|TAMS 0x00000000c8200000, 0x00000000c8200000| Complete 
|  91|0x00000000c8300000, 0x00000000c8400000, 0x00000000c8400000|100%| E|CS|TAMS 0x00000000c8300000, 0x00000000c8300000| Complete 
|  92|0x00000000c8400000, 0x00000000c8500000, 0x00000000c8500000|100%| E|CS|TAMS 0x00000000c8400000, 0x00000000c8400000| Complete 
|  93|0x00000000c8500000, 0x00000000c8600000, 0x00000000c8600000|100%| E|CS|TAMS 0x00000000c8500000, 0x00000000c8500000| Complete 
|  94|0x00000000c8600000, 0x00000000c8700000, 0x00000000c8700000|100%| E|CS|TAMS 0x00000000c8600000, 0x00000000c8600000| Complete 
|  95|0x00000000c8700000, 0x00000000c8800000, 0x00000000c8800000|100%| E|CS|TAMS 0x00000000c8700000, 0x00000000c8700000| Complete 
|  96|0x00000000c8800000, 0x00000000c8900000, 0x00000000c8900000|100%| E|CS|TAMS 0x00000000c8800000, 0x00000000c8800000| Complete 
|  97|0x00000000c8900000, 0x00000000c8a00000, 0x00000000c8a00000|100%| E|CS|TAMS 0x00000000c8900000, 0x00000000c8900000| Complete 
|  98|0x00000000c8a00000, 0x00000000c8b00000, 0x00000000c8b00000|100%| E|CS|TAMS 0x00000000c8a00000, 0x00000000c8a00000| Complete 
|  99|0x00000000c8b00000, 0x00000000c8c00000, 0x00000000c8c00000|100%| E|CS|TAMS 0x00000000c8b00000, 0x00000000c8b00000| Complete 
| 100|0x00000000c8c00000, 0x00000000c8d00000, 0x00000000c8d00000|100%| E|CS|TAMS 0x00000000c8c00000, 0x00000000c8c00000| Complete 
| 101|0x00000000c8d00000, 0x00000000c8e00000, 0x00000000c8e00000|100%| E|CS|TAMS 0x00000000c8d00000, 0x00000000c8d00000| Complete 
| 102|0x00000000c8e00000, 0x00000000c8f00000, 0x00000000c8f00000|100%| E|CS|TAMS 0x00000000c8e00000, 0x00000000c8e00000| Complete 
| 103|0x00000000c8f00000, 0x00000000c9000000, 0x00000000c9000000|100%| E|CS|TAMS 0x00000000c8f00000, 0x00000000c8f00000| Complete 
| 104|0x00000000c9000000, 0x00000000c9100000, 0x00000000c9100000|100%| E|CS|TAMS 0x00000000c9000000, 0x00000000c9000000| Complete 
| 105|0x00000000c9100000, 0x00000000c9200000, 0x00000000c9200000|100%| E|CS|TAMS 0x00000000c9100000, 0x00000000c9100000| Complete 
| 106|0x00000000c9200000, 0x00000000c9300000, 0x00000000c9300000|100%| E|CS|TAMS 0x00000000c9200000, 0x00000000c9200000| Complete 
| 107|0x00000000c9300000, 0x00000000c9400000, 0x00000000c9400000|100%| E|CS|TAMS 0x00000000c9300000, 0x00000000c9300000| Complete 
| 108|0x00000000c9400000, 0x00000000c9500000, 0x00000000c9500000|100%| E|CS|TAMS 0x00000000c9400000, 0x00000000c9400000| Complete 
| 109|0x00000000c9500000, 0x00000000c9600000, 0x00000000c9600000|100%| E|CS|TAMS 0x00000000c9500000, 0x00000000c9500000| Complete 
| 110|0x00000000c9600000, 0x00000000c9700000, 0x00000000c9700000|100%| E|CS|TAMS 0x00000000c9600000, 0x00000000c9600000| Complete 
| 111|0x00000000c9700000, 0x00000000c9800000, 0x00000000c9800000|100%| E|CS|TAMS 0x00000000c9700000, 0x00000000c9700000| Complete 
| 112|0x00000000c9800000, 0x00000000c9900000, 0x00000000c9900000|100%| E|CS|TAMS 0x00000000c9800000, 0x00000000c9800000| Complete 
| 113|0x00000000c9900000, 0x00000000c9a00000, 0x00000000c9a00000|100%| E|CS|TAMS 0x00000000c9900000, 0x00000000c9900000| Complete 
| 114|0x00000000c9a00000, 0x00000000c9b00000, 0x00000000c9b00000|100%| E|CS|TAMS 0x00000000c9a00000, 0x00000000c9a00000| Complete 
| 115|0x00000000c9b00000, 0x00000000c9c00000, 0x00000000c9c00000|100%| E|CS|TAMS 0x00000000c9b00000, 0x00000000c9b00000| Complete 
| 116|0x00000000c9c00000, 0x00000000c9d00000, 0x00000000c9d00000|100%| E|CS|TAMS 0x00000000c9c00000, 0x00000000c9c00000| Complete 
| 117|0x00000000c9d00000, 0x00000000c9e00000, 0x00000000c9e00000|100%| E|CS|TAMS 0x00000000c9d00000, 0x00000000c9d00000| Complete 
| 118|0x00000000c9e00000, 0x00000000c9f00000, 0x00000000c9f00000|100%| E|CS|TAMS 0x00000000c9e00000, 0x00000000c9e00000| Complete 
| 119|0x00000000c9f00000, 0x00000000ca000000, 0x00000000ca000000|100%| E|CS|TAMS 0x00000000c9f00000, 0x00000000c9f00000| Complete 
| 120|0x00000000ca000000, 0x00000000ca100000, 0x00000000ca100000|100%| E|CS|TAMS 0x00000000ca000000, 0x00000000ca000000| Complete 
| 121|0x00000000ca100000, 0x00000000ca200000, 0x00000000ca200000|100%| E|CS|TAMS 0x00000000ca100000, 0x00000000ca100000| Complete 
| 122|0x00000000ca200000, 0x00000000ca300000, 0x00000000ca300000|100%| E|CS|TAMS 0x00000000ca200000, 0x00000000ca200000| Complete 
| 123|0x00000000ca300000, 0x00000000ca400000, 0x00000000ca400000|100%| E|CS|TAMS 0x00000000ca300000, 0x00000000ca300000| Complete 
| 124|0x00000000ca400000, 0x00000000ca500000, 0x00000000ca500000|100%| E|CS|TAMS 0x00000000ca400000, 0x00000000ca400000| Complete 
| 125|0x00000000ca500000, 0x00000000ca600000, 0x00000000ca600000|100%| E|CS|TAMS 0x00000000ca500000, 0x00000000ca500000| Complete 
| 126|0x00000000ca600000, 0x00000000ca700000, 0x00000000ca700000|100%| E|CS|TAMS 0x00000000ca600000, 0x00000000ca600000| Complete 
| 127|0x00000000ca700000, 0x00000000ca800000, 0x00000000ca800000|100%| E|CS|TAMS 0x00000000ca700000, 0x00000000ca700000| Complete 
| 128|0x00000000ca800000, 0x00000000ca900000, 0x00000000ca900000|100%| E|CS|TAMS 0x00000000ca800000, 0x00000000ca800000| Complete 
| 129|0x00000000ca900000, 0x00000000caa00000, 0x00000000caa00000|100%| E|CS|TAMS 0x00000000ca900000, 0x00000000ca900000| Complete 
| 130|0x00000000caa00000, 0x00000000cab00000, 0x00000000cab00000|100%| E|CS|TAMS 0x00000000caa00000, 0x00000000caa00000| Complete 
| 131|0x00000000cab00000, 0x00000000cac00000, 0x00000000cac00000|100%| E|CS|TAMS 0x00000000cab00000, 0x00000000cab00000| Complete 
| 132|0x00000000cac00000, 0x00000000cad00000, 0x00000000cad00000|100%| E|CS|TAMS 0x00000000cac00000, 0x00000000cac00000| Complete 
| 133|0x00000000cad00000, 0x00000000cae00000, 0x00000000cae00000|100%| E|CS|TAMS 0x00000000cad00000, 0x00000000cad00000| Complete 
| 134|0x00000000cae00000, 0x00000000caf00000, 0x00000000caf00000|100%| E|CS|TAMS 0x00000000cae00000, 0x00000000cae00000| Complete 
| 135|0x00000000caf00000, 0x00000000cb000000, 0x00000000cb000000|100%| E|CS|TAMS 0x00000000caf00000, 0x00000000caf00000| Complete 
| 136|0x00000000cb000000, 0x00000000cb100000, 0x00000000cb100000|100%| E|CS|TAMS 0x00000000cb000000, 0x00000000cb000000| Complete 
| 137|0x00000000cb100000, 0x00000000cb200000, 0x00000000cb200000|100%| E|CS|TAMS 0x00000000cb100000, 0x00000000cb100000| Complete 
| 138|0x00000000cb200000, 0x00000000cb300000, 0x00000000cb300000|100%| E|CS|TAMS 0x00000000cb200000, 0x00000000cb200000| Complete 
| 139|0x00000000cb300000, 0x00000000cb400000, 0x00000000cb400000|100%| E|CS|TAMS 0x00000000cb300000, 0x00000000cb300000| Complete 
| 140|0x00000000cb400000, 0x00000000cb500000, 0x00000000cb500000|100%| E|CS|TAMS 0x00000000cb400000, 0x00000000cb400000| Complete 
| 141|0x00000000cb500000, 0x00000000cb600000, 0x00000000cb600000|100%| E|CS|TAMS 0x00000000cb500000, 0x00000000cb500000| Complete 
| 142|0x00000000cb600000, 0x00000000cb700000, 0x00000000cb700000|100%| E|CS|TAMS 0x00000000cb600000, 0x00000000cb600000| Complete 
| 143|0x00000000cb700000, 0x00000000cb800000, 0x00000000cb800000|100%| E|  |TAMS 0x00000000cb700000, 0x00000000cb700000| Complete 
| 144|0x00000000cb800000, 0x00000000cb900000, 0x00000000cb900000|100%| E|CS|TAMS 0x00000000cb800000, 0x00000000cb800000| Complete 
| 145|0x00000000cb900000, 0x00000000cba00000, 0x00000000cba00000|100%| E|CS|TAMS 0x00000000cb900000, 0x00000000cb900000| Complete 
| 146|0x00000000cba00000, 0x00000000cbb00000, 0x00000000cbb00000|100%| E|CS|TAMS 0x00000000cba00000, 0x00000000cba00000| Complete 
| 147|0x00000000cbb00000, 0x00000000cbc00000, 0x00000000cbc00000|100%| E|CS|TAMS 0x00000000cbb00000, 0x00000000cbb00000| Complete 
| 148|0x00000000cbc00000, 0x00000000cbd00000, 0x00000000cbd00000|100%| E|CS|TAMS 0x00000000cbc00000, 0x00000000cbc00000| Complete 
| 149|0x00000000cbd00000, 0x00000000cbe00000, 0x00000000cbe00000|100%| E|CS|TAMS 0x00000000cbd00000, 0x00000000cbd00000| Complete 
| 150|0x00000000cbe00000, 0x00000000cbf00000, 0x00000000cbf00000|100%| E|CS|TAMS 0x00000000cbe00000, 0x00000000cbe00000| Complete 
| 151|0x00000000cbf00000, 0x00000000cc000000, 0x00000000cc000000|100%| E|CS|TAMS 0x00000000cbf00000, 0x00000000cbf00000| Complete 
| 152|0x00000000cc000000, 0x00000000cc100000, 0x00000000cc100000|100%| E|CS|TAMS 0x00000000cc000000, 0x00000000cc000000| Complete 
| 153|0x00000000cc100000, 0x00000000cc200000, 0x00000000cc200000|100%| E|CS|TAMS 0x00000000cc100000, 0x00000000cc100000| Complete 
| 154|0x00000000cc200000, 0x00000000cc300000, 0x00000000cc300000|100%| E|CS|TAMS 0x00000000cc200000, 0x00000000cc200000| Complete 
| 155|0x00000000cc300000, 0x00000000cc400000, 0x00000000cc400000|100%| E|CS|TAMS 0x00000000cc300000, 0x00000000cc300000| Complete 
| 156|0x00000000cc400000, 0x00000000cc500000, 0x00000000cc500000|100%| E|CS|TAMS 0x00000000cc400000, 0x00000000cc400000| Complete 
| 157|0x00000000cc500000, 0x00000000cc600000, 0x00000000cc600000|100%| E|CS|TAMS 0x00000000cc500000, 0x00000000cc500000| Complete 
| 158|0x00000000cc600000, 0x00000000cc700000, 0x00000000cc700000|100%| E|CS|TAMS 0x00000000cc600000, 0x00000000cc600000| Complete 
| 159|0x00000000cc700000, 0x00000000cc800000, 0x00000000cc800000|100%| E|CS|TAMS 0x00000000cc700000, 0x00000000cc700000| Complete 
| 160|0x00000000cc800000, 0x00000000cc900000, 0x00000000cc900000|100%| E|CS|TAMS 0x00000000cc800000, 0x00000000cc800000| Complete 

Card table byte_map: [0x000001e7ffb60000,0x000001e7ffd50000] _byte_map_base: 0x000001e7ff54c000

Marking Bits (Prev, Next): (CMBitMap*) 0x000001e7e6f48d20, (CMBitMap*) 0x000001e7e6f48ce0
 Prev Bits: [0x000001e780f60000, 0x000001e781ec0000)
 Next Bits: [0x000001e780000000, 0x000001e780f60000)

Polling page: 0x000001e7e6fe0000

Metaspace:

Usage:
  Non-class:     66.34 MB used.
      Class:     10.10 MB used.
       Both:     76.45 MB used.

Virtual space:
  Non-class space:       72.00 MB reserved,      66.62 MB ( 93%) committed,  9 nodes.
      Class space:        1.00 GB reserved,      10.44 MB (  1%) committed,  1 nodes.
             Both:        1.07 GB reserved,      77.06 MB (  7%) committed. 

Chunk freelists:
   Non-Class:  1.19 MB
       Class:  1.48 MB
        Both:  2.67 MB

MaxMetaspaceSize: unlimited
CompressedClassSpaceSize: 1.00 GB
Initial GC threshold: 21.00 MB
Current GC threshold: 98.38 MB
CDS: on
MetaspaceReclaimPolicy: balanced
 - commit_granule_bytes: 65536.
 - commit_granule_words: 8192.
 - virtual_space_node_default_size: 1048576.
 - enlarge_chunks_in_place: 1.
 - new_chunks_are_fully_committed: 0.
 - uncommit_free_chunks: 1.
 - use_allocation_guard: 0.
 - handle_deallocations: 1.


Internal statistics:

num_allocs_failed_limit: 9.
num_arena_births: 872.
num_arena_deaths: 0.
num_vsnodes_births: 10.
num_vsnodes_deaths: 0.
num_space_committed: 1233.
num_space_uncommitted: 0.
num_chunks_returned_to_freelist: 9.
num_chunks_taken_from_freelist: 3611.
num_chunk_merges: 9.
num_chunk_splits: 2586.
num_chunks_enlarged: 1998.
num_purges: 0.
num_inconsistent_stats: 0.

CodeHeap 'non-profiled nmethods': size=120000Kb used=4363Kb max_used=4363Kb free=115636Kb
 bounds [0x000001e7f79d0000, 0x000001e7f7e20000, 0x000001e7fef00000]
CodeHeap 'profiled nmethods': size=120000Kb used=15511Kb max_used=15511Kb free=104488Kb
 bounds [0x000001e7f04a0000, 0x000001e7f13d0000, 0x000001e7f79d0000]
CodeHeap 'non-nmethods': size=5760Kb used=1389Kb max_used=1454Kb free=4370Kb
 bounds [0x000001e7eff00000, 0x000001e7f0170000, 0x000001e7f04a0000]
 total_blobs=9565 nmethods=8837 adapters=639
 compilation: enabled
              stopped_count=0, restarted_count=0
 full_count=0

Compilation events (20 events):
Event: 855.754 Thread 0x000001e784893870 9824       2       org.hibernate.sql.results.graph.internal.ImmutableFetchList$FetchIterator::<init> (61 bytes)
Event: 855.754 Thread 0x000001e784893870 nmethod 9824 0x000001e7f1381910 code [0x000001e7f1381ac0, 0x000001e7f1381cb8]
Event: 855.754 Thread 0x000001e784893870 9828       2       com.mysql.cj.protocol.a.TextRowFactory::<init> (56 bytes)
Event: 855.755 Thread 0x000001e784893870 nmethod 9828 0x000001e7f1381e10 code [0x000001e7f1381fc0, 0x000001e7f1382388]
Event: 855.755 Thread 0x000001e784893870 9825       2       org.hibernate.internal.util.collections.CollectionHelper::determineProperSizing (16 bytes)
Event: 855.756 Thread 0x000001e784893870 nmethod 9825 0x000001e7f1382510 code [0x000001e7f13826c0, 0x000001e7f13827d8]
Event: 855.756 Thread 0x000001e784893870 9829       2       org.springframework.web.servlet.mvc.method.RequestMappingInfo::getActivePatternsCondition (32 bytes)
Event: 855.757 Thread 0x000001e784893870 nmethod 9829 0x000001e7f1382890 code [0x000001e7f1382a40, 0x000001e7f1382c48]
Event: 855.759 Thread 0x000001e784893870 9830   !   2       com.mysql.cj.jdbc.ConnectionImpl::transactionCompleted (44 bytes)
Event: 855.760 Thread 0x000001e784893870 nmethod 9830 0x000001e7f1382d10 code [0x000001e7f1382ee0, 0x000001e7f1383188]
Event: 855.762 Thread 0x000001e784893870 9831       2       org.springframework.web.servlet.mvc.method.annotation.AbstractMessageConverterMethodProcessor::getProducibleMediaTypes (185 bytes)
Event: 855.764 Thread 0x000001e784893870 nmethod 9831 0x000001e7f1383310 code [0x000001e7f13835c0, 0x000001e7f1383e58]
Event: 855.764 Thread 0x000001e784893870 9832       2       org.springframework.util.MimeType::equalsTypeAndSubtype (40 bytes)
Event: 855.764 Thread 0x000001e784893870 nmethod 9832 0x000001e7f1384210 code [0x000001e7f13843c0, 0x000001e7f1384598]
Event: 855.769 Thread 0x000001e784893870 9833   !   2       com.mysql.cj.jdbc.ClientPreparedStatement::setString (60 bytes)
Event: 855.771 Thread 0x000001e784893870 nmethod 9833 0x000001e7f1384710 code [0x000001e7f1384920, 0x000001e7f1384de8]
Event: 855.772 Thread 0x000001e784893870 9834       2       com.mysql.cj.protocol.a.NativeProtocol$$Lambda$815/0x00000008011072b0::get (8 bytes)
Event: 855.772 Thread 0x000001e784893870 nmethod 9834 0x000001e7f1385310 code [0x000001e7f13854a0, 0x000001e7f1385618]
Event: 855.773 Thread 0x000001e784893870 9835       2       org.hibernate.query.sqm.tree.domain.SqmBasicValuedSimplePath::getNodeType (5 bytes)
Event: 855.773 Thread 0x000001e784893870 nmethod 9835 0x000001e7f1385710 code [0x000001e7f13858c0, 0x000001e7f1385b18]

GC Heap History (20 events):
Event: 18.260 GC heap before
{Heap before GC invocations=11 (full 0):
 garbage-first heap   total 51200K, used 39603K [0x00000000c2800000, 0x0000000100000000)
  region size 1024K, 23 young (23552K), 1 survivors (1024K)
 Metaspace       used 30680K, committed 31040K, reserved 1081344K
  class space    used 3915K, committed 4096K, reserved 1048576K
}
Event: 18.268 GC heap after
{Heap after GC invocations=12 (full 0):
 garbage-first heap   total 116736K, used 18240K [0x00000000c2800000, 0x0000000100000000)
  region size 1024K, 2 young (2048K), 2 survivors (2048K)
 Metaspace       used 30680K, committed 31040K, reserved 1081344K
  class space    used 3915K, committed 4096K, reserved 1048576K
}
Event: 19.950 GC heap before
{Heap before GC invocations=12 (full 0):
 garbage-first heap   total 116736K, used 37696K [0x00000000c2800000, 0x0000000100000000)
  region size 1024K, 22 young (22528K), 2 survivors (2048K)
 Metaspace       used 35677K, committed 36096K, reserved 1081344K
  class space    used 4661K, committed 4864K, reserved 1048576K
}
Event: 19.959 GC heap after
{Heap after GC invocations=13 (full 0):
 garbage-first heap   total 116736K, used 19289K [0x00000000c2800000, 0x0000000100000000)
  region size 1024K, 3 young (3072K), 3 survivors (3072K)
 Metaspace       used 35677K, committed 36096K, reserved 1081344K
  class space    used 4661K, committed 4864K, reserved 1048576K
}
Event: 22.209 GC heap before
{Heap before GC invocations=14 (full 0):
 garbage-first heap   total 68608K, used 56153K [0x00000000c2800000, 0x0000000100000000)
  region size 1024K, 40 young (40960K), 3 survivors (3072K)
 Metaspace       used 44711K, committed 45056K, reserved 1089536K
  class space    used 5790K, committed 5952K, reserved 1048576K
}
Event: 22.227 GC heap after
{Heap after GC invocations=15 (full 0):
 garbage-first heap   total 68608K, used 21676K [0x00000000c2800000, 0x0000000100000000)
  region size 1024K, 4 young (4096K), 4 survivors (4096K)
 Metaspace       used 44711K, committed 45056K, reserved 1089536K
  class space    used 5790K, committed 5952K, reserved 1048576K
}
Event: 22.234 GC heap before
{Heap before GC invocations=15 (full 0):
 garbage-first heap   total 68608K, used 22700K [0x00000000c2800000, 0x0000000100000000)
  region size 1024K, 5 young (5120K), 4 survivors (4096K)
 Metaspace       used 44722K, committed 45056K, reserved 1089536K
  class space    used 5793K, committed 5952K, reserved 1048576K
}
Event: 22.251 GC heap after
{Heap after GC invocations=16 (full 0):
 garbage-first heap   total 68608K, used 21887K [0x00000000c2800000, 0x0000000100000000)
  region size 1024K, 1 young (1024K), 1 survivors (1024K)
 Metaspace       used 44722K, committed 45056K, reserved 1089536K
  class space    used 5793K, committed 5952K, reserved 1048576K
}
Event: 24.528 GC heap before
{Heap before GC invocations=16 (full 0):
 garbage-first heap   total 68608K, used 52607K [0x00000000c2800000, 0x0000000100000000)
  region size 1024K, 31 young (31744K), 1 survivors (1024K)
 Metaspace       used 52484K, committed 52864K, reserved 1097728K
  class space    used 7013K, committed 7168K, reserved 1048576K
}
Event: 24.534 GC heap after
{Heap after GC invocations=17 (full 0):
 garbage-first heap   total 68608K, used 22828K [0x00000000c2800000, 0x0000000100000000)
  region size 1024K, 2 young (2048K), 2 survivors (2048K)
 Metaspace       used 52484K, committed 52864K, reserved 1097728K
  class space    used 7013K, committed 7168K, reserved 1048576K
}
Event: 28.364 GC heap before
{Heap before GC invocations=17 (full 0):
 garbage-first heap   total 68608K, used 52524K [0x00000000c2800000, 0x0000000100000000)
  region size 1024K, 32 young (32768K), 2 survivors (2048K)
 Metaspace       used 58201K, committed 58752K, reserved 1105920K
  class space    used 7784K, committed 8064K, reserved 1048576K
}
Event: 28.380 GC heap after
{Heap after GC invocations=18 (full 0):
 garbage-first heap   total 68608K, used 24528K [0x00000000c2800000, 0x0000000100000000)
  region size 1024K, 4 young (4096K), 4 survivors (4096K)
 Metaspace       used 58201K, committed 58752K, reserved 1105920K
  class space    used 7784K, committed 8064K, reserved 1048576K
}
Event: 29.353 GC heap before
{Heap before GC invocations=18 (full 0):
 garbage-first heap   total 68608K, used 37840K [0x00000000c2800000, 0x0000000100000000)
  region size 1024K, 19 young (19456K), 4 survivors (4096K)
 Metaspace       used 59762K, committed 60288K, reserved 1105920K
  class space    used 8046K, committed 8320K, reserved 1048576K
}
Event: 29.376 GC heap after
{Heap after GC invocations=19 (full 0):
 garbage-first heap   total 68608K, used 25262K [0x00000000c2800000, 0x0000000100000000)
  region size 1024K, 3 young (3072K), 3 survivors (3072K)
 Metaspace       used 59762K, committed 60288K, reserved 1105920K
  class space    used 8046K, committed 8320K, reserved 1048576K
}
Event: 31.647 GC heap before
{Heap before GC invocations=20 (full 0):
 garbage-first heap   total 68608K, used 53934K [0x00000000c2800000, 0x0000000100000000)
  region size 1024K, 31 young (31744K), 3 survivors (3072K)
 Metaspace       used 64515K, committed 65024K, reserved 1105920K
  class space    used 8756K, committed 9024K, reserved 1048576K
}
Event: 31.671 GC heap after
{Heap after GC invocations=21 (full 0):
 garbage-first heap   total 68608K, used 28629K [0x00000000c2800000, 0x0000000100000000)
  region size 1024K, 4 young (4096K), 4 survivors (4096K)
 Metaspace       used 64515K, committed 65024K, reserved 1105920K
  class space    used 8756K, committed 9024K, reserved 1048576K
}
Event: 32.840 GC heap before
{Heap before GC invocations=21 (full 0):
 garbage-first heap   total 68608K, used 53205K [0x00000000c2800000, 0x0000000100000000)
  region size 1024K, 29 young (29696K), 4 survivors (4096K)
 Metaspace       used 66357K, committed 66880K, reserved 1114112K
  class space    used 8999K, committed 9216K, reserved 1048576K
}
Event: 32.877 GC heap after
{Heap after GC invocations=22 (full 0):
 garbage-first heap   total 68608K, used 30720K [0x00000000c2800000, 0x0000000100000000)
  region size 1024K, 2 young (2048K), 2 survivors (2048K)
 Metaspace       used 66357K, committed 66880K, reserved 1114112K
  class space    used 8999K, committed 9216K, reserved 1048576K
}
Event: 35.455 GC heap before
{Heap before GC invocations=22 (full 0):
 garbage-first heap   total 68608K, used 54272K [0x00000000c2800000, 0x0000000100000000)
  region size 1024K, 26 young (26624K), 2 survivors (2048K)
 Metaspace       used 70561K, committed 71168K, reserved 1114112K
  class space    used 9521K, committed 9792K, reserved 1048576K
}
Event: 35.475 GC heap after
{Heap after GC invocations=23 (full 0):
 garbage-first heap   total 164864K, used 32385K [0x00000000c2800000, 0x0000000100000000)
  region size 1024K, 4 young (4096K), 4 survivors (4096K)
 Metaspace       used 70561K, committed 71168K, reserved 1114112K
  class space    used 9521K, committed 9792K, reserved 1048576K
}

Deoptimization events (20 events):
Event: 729.357 Thread 0x000001e78a6d9340 DEOPT PACKING pc=0x000001e7f7b5f34c sp=0x00000016379f7c80
Event: 729.357 Thread 0x000001e78a6d9340 DEOPT UNPACKING pc=0x000001e7eff523a3 sp=0x00000016379f7c18 mode 2
Event: 729.357 Thread 0x000001e78a6d9340 Uncommon trap: trap_request=0xffffffde fr.pc=0x000001e7f7b5f34c relative=0x000000000000018c
Event: 729.357 Thread 0x000001e78a6d9340 Uncommon trap: reason=class_check action=maybe_recompile pc=0x000001e7f7b5f34c method=com.mysql.cj.util.StringInspector.incrementPosition(Ljava/util/Set;)I @ 17 c2
Event: 729.357 Thread 0x000001e78a6d9340 DEOPT PACKING pc=0x000001e7f7b5f34c sp=0x00000016379f7c80
Event: 729.357 Thread 0x000001e78a6d9340 DEOPT UNPACKING pc=0x000001e7eff523a3 sp=0x00000016379f7c18 mode 2
Event: 801.772 Thread 0x000001e78a6dbe90 Uncommon trap: trap_request=0xffffffcc fr.pc=0x000001e7f7d75f20 relative=0x0000000000000380
Event: 801.775 Thread 0x000001e78a6dbe90 Uncommon trap: reason=intrinsic_or_type_checked_inlining action=make_not_entrant pc=0x000001e7f7d75f20 method=java.util.ArrayList.toArray([Ljava/lang/Object;)[Ljava/lang/Object; @ 36 c2
Event: 801.775 Thread 0x000001e78a6dbe90 DEOPT PACKING pc=0x000001e7f7d75f20 sp=0x00000016376fab00
Event: 801.777 Thread 0x000001e78a6dbe90 DEOPT UNPACKING pc=0x000001e7eff523a3 sp=0x00000016376faae0 mode 2
Event: 852.932 Thread 0x000001e78a6d89a0 Uncommon trap: trap_request=0xffffff45 fr.pc=0x000001e7f7c8115c relative=0x000000000000023c
Event: 852.935 Thread 0x000001e78a6d89a0 Uncommon trap: reason=unstable_if action=reinterpret pc=0x000001e7f7c8115c method=java.lang.invoke.MethodType.equals(Ljava/lang/Object;)Z @ 11 c2
Event: 852.936 Thread 0x000001e78a6d89a0 DEOPT PACKING pc=0x000001e7f7c8115c sp=0x00000016373fdb70
Event: 852.937 Thread 0x000001e78a6d89a0 DEOPT UNPACKING pc=0x000001e7eff523a3 sp=0x00000016373fdb38 mode 2
Event: 852.940 Thread 0x000001e78a6d89a0 Uncommon trap: trap_request=0xffffff54 fr.pc=0x000001e7f7b44810 relative=0x0000000000001cd0
Event: 852.940 Thread 0x000001e78a6d89a0 Uncommon trap: reason=speculate_null_assert action=make_not_entrant pc=0x000001e7f7b44810 method=java.lang.invoke.MethodType$ConcurrentWeakInternSet.add(Ljava/lang/Object;)Ljava/lang/Object; @ 47 c2
Event: 852.940 Thread 0x000001e78a6d89a0 DEOPT PACKING pc=0x000001e7f7b44810 sp=0x00000016373fdd70
Event: 852.943 Thread 0x000001e78a6d89a0 DEOPT UNPACKING pc=0x000001e7eff523a3 sp=0x00000016373fdba8 mode 2
Event: 855.324 Thread 0x000001e78a6d9810 DEOPT PACKING pc=0x000001e7f0e33cd6 sp=0x0000001637afbc30
Event: 855.326 Thread 0x000001e78a6d9810 DEOPT UNPACKING pc=0x000001e7eff52b43 sp=0x0000001637afb170 mode 0

Classes unloaded (0 events):
No events

Classes redefined (0 events):
No events

Internal exceptions (20 events):
Event: 29.462 Thread 0x000001e7e6d9bfc0 Exception <a 'java/lang/reflect/InvocationTargetException'{0x00000000c851a638}> (0x00000000c851a638) 
thrown [t:\workspace\open\src\hotspot\share\runtime\reflection.cpp, line 1121]
Event: 29.653 Thread 0x000001e7e6d9bfc0 Exception <a 'java/lang/reflect/InvocationTargetException'{0x00000000c64ba3b0}> (0x00000000c64ba3b0) 
thrown [t:\workspace\open\src\hotspot\share\runtime\reflection.cpp, line 1121]
Event: 30.753 Thread 0x000001e7e6d9bfc0 Exception <a 'java/lang/IncompatibleClassChangeError'{0x00000000c57d84a0}: Found class java.lang.Object, but interface was expected> (0x00000000c57d84a0) 
thrown [t:\workspace\open\src\hotspot\share\interpreter\linkResolver.cpp, line 833]
Event: 32.022 Thread 0x000001e7e6d9bfc0 Exception <a 'java/lang/reflect/InvocationTargetException'{0x00000000c623c628}> (0x00000000c623c628) 
thrown [t:\workspace\open\src\hotspot\share\runtime\reflection.cpp, line 1121]
Event: 32.138 Thread 0x000001e7e6d9bfc0 Exception <a 'java/lang/reflect/InvocationTargetException'{0x00000000c5b0ce58}> (0x00000000c5b0ce58) 
thrown [t:\workspace\open\src\hotspot\share\runtime\reflection.cpp, line 1121]
Event: 32.157 Thread 0x000001e7e6d9bfc0 Exception <a 'java/lang/reflect/InvocationTargetException'{0x00000000c5b28c10}> (0x00000000c5b28c10) 
thrown [t:\workspace\open\src\hotspot\share\runtime\reflection.cpp, line 1121]
Event: 32.693 Thread 0x000001e7e6d9bfc0 Exception <a 'sun/nio/fs/WindowsException'{0x00000000c55f9078}> (0x00000000c55f9078) 
thrown [t:\workspace\open\src\hotspot\share\prims\jni.cpp, line 516]
Event: 32.976 Thread 0x000001e7e6d9bfc0 Exception <a 'java/lang/NoSuchMethodError'{0x00000000c8527358}: 'void java.lang.invoke.DirectMethodHandle$Holder.invokeVirtual(java.lang.Object, java.lang.Object, long)'> (0x00000000c8527358) 
thrown [t:\workspace\open\src\hotspot\share\interpreter\linkResolver.cpp, line 766]
Event: 33.417 Thread 0x000001e7e6d9bfc0 Exception <a 'java/lang/IncompatibleClassChangeError'{0x00000000c636ee80}: Found class java.lang.Object, but interface was expected> (0x00000000c636ee80) 
thrown [t:\workspace\open\src\hotspot\share\interpreter\linkResolver.cpp, line 833]
Event: 33.629 Thread 0x000001e7e6d9bfc0 Implicit null exception at 0x000001e7f7b0cbc0 to 0x000001e7f7b0cdd8
Event: 33.823 Thread 0x000001e7e6d9bfc0 Exception <a 'java/lang/NoSuchMethodError'{0x00000000c5dcfc08}: 'java.lang.Object java.lang.invoke.DirectMethodHandle$Holder.newInvokeSpecial(java.lang.Object, java.lang.Object, int, java.lang.Object, java.lang.Object)'> (0x00000000c5dcfc08) 
thrown [t:\workspace\open\src\hotspot\share\interpreter\linkResolver.cpp, line 766]
Event: 33.825 Thread 0x000001e7e6d9bfc0 Exception <a 'java/lang/NoSuchMethodError'{0x00000000c5ddb188}: 'java.lang.Object java.lang.invoke.DirectMethodHandle$Holder.invokeSpecial(java.lang.Object, java.lang.Object, int, java.lang.Object, int, java.lang.Object)'> (0x00000000c5ddb188) 
thrown [t:\workspace\open\src\hotspot\share\interpreter\linkResolver.cpp, line 766]
Event: 33.826 Thread 0x000001e7e6d9bfc0 Exception <a 'java/lang/NoSuchMethodError'{0x00000000c5de2f90}: 'java.lang.Object java.lang.invoke.DirectMethodHandle$Holder.newInvokeSpecial(java.lang.Object, java.lang.Object, int, java.lang.Object, int)'> (0x00000000c5de2f90) 
thrown [t:\workspace\open\src\hotspot\share\interpreter\linkResolver.cpp, line 766]
Event: 33.826 Thread 0x000001e7e6d9bfc0 Exception <a 'java/lang/NoSuchMethodError'{0x00000000c5de72d8}: 'java.lang.Object java.lang.invoke.DirectMethodHandle$Holder.invokeSpecial(java.lang.Object, java.lang.Object, java.lang.Object, int, java.lang.Object, int)'> (0x00000000c5de72d8) 
thrown [t:\workspace\open\src\hotspot\share\interpreter\linkResolver.cpp, line 766]
Event: 34.388 Thread 0x000001e78a6db9c0 Exception <a 'java/lang/NoSuchMethodError'{0x00000000c585c7e0}: 'java.lang.Object java.lang.invoke.DirectMethodHandle$Holder.invokeSpecial(java.lang.Object, java.lang.Object, java.lang.Object, java.lang.Object, java.lang.Object, long)'> (0x00000000c585c7e0) 
thrown [t:\workspace\open\src\hotspot\share\interpreter\linkResolver.cpp, line 766]
Event: 34.389 Thread 0x000001e78a6db9c0 Exception <a 'java/lang/NoSuchMethodError'{0x00000000c5860460}: 'java.lang.Object java.lang.invoke.Invokers$Holder.linkToTargetMethod(java.lang.Object, java.lang.Object, java.lang.Object, long, java.lang.Object)'> (0x00000000c5860460) 
thrown [t:\workspace\open\src\hotspot\share\interpreter\linkResolver.cpp, line 766]
Event: 35.822 Thread 0x000001e78a6db9c0 Exception <a 'java/lang/NoSuchMethodError'{0x00000000cc5bada0}: 'void java.lang.invoke.DirectMethodHandle$Holder.invokeSpecialIFC(java.lang.Object, java.lang.Object, int, java.lang.Object, java.lang.Object, java.lang.Object, java.lang.Object)'> (0x00000000cc5bada0) 
thrown [t:\workspace\open\src\hotspot\share\interpreter\linkResolver.cpp, line 766]
Event: 323.631 Thread 0x000001e78a6db020 Exception <a 'java/io/IOException'{0x00000000cbc15c60}> (0x00000000cbc15c60) 
thrown [t:\workspace\open\src\hotspot\share\prims\jni.cpp, line 516]
Event: 363.612 Thread 0x000001e78a6d89a0 Exception <a 'java/lang/NoSuchMethodError'{0x00000000cb9cad50}: 'int java.lang.invoke.DirectMethodHandle$Holder.invokeStatic(java.lang.Object, java.lang.Object, int, int)'> (0x00000000cb9cad50) 
thrown [t:\workspace\open\src\hotspot\share\interpreter\linkResolver.cpp, line 766]
Event: 430.145 Thread 0x000001e78a6db020 Exception <a 'java/lang/NoSuchMethodError'{0x00000000caf0ca68}: 'java.lang.Object java.lang.invoke.DirectMethodHandle$Holder.invokeInterface(java.lang.Object, java.lang.Object, java.lang.Object, java.lang.Object)'> (0x00000000caf0ca68) 
thrown [t:\workspace\open\src\hotspot\share\interpreter\linkResolver.cpp, line 766]

VM Operations (20 events):
Event: 800.610 Executing VM operation: Cleanup
Event: 800.768 Executing VM operation: Cleanup done
Event: 801.778 Executing VM operation: Cleanup
Event: 801.778 Executing VM operation: Cleanup done
Event: 802.786 Executing VM operation: Cleanup
Event: 802.788 Executing VM operation: Cleanup done
Event: 851.169 Executing VM operation: Cleanup
Event: 851.185 Executing VM operation: Cleanup done
Event: 852.186 Executing VM operation: Cleanup
Event: 852.186 Executing VM operation: Cleanup done
Event: 853.196 Executing VM operation: Cleanup
Event: 853.202 Executing VM operation: Cleanup done
Event: 853.968 Executing VM operation: ICBufferFull
Event: 854.006 Executing VM operation: ICBufferFull done
Event: 854.537 Executing VM operation: ICBufferFull
Event: 854.547 Executing VM operation: ICBufferFull done
Event: 855.108 Executing VM operation: ICBufferFull
Event: 855.189 Executing VM operation: ICBufferFull done
Event: 855.551 Executing VM operation: ICBufferFull
Event: 855.612 Executing VM operation: ICBufferFull done

Events (20 events):
Event: 453.357 loading class sun/security/ssl/Alert
Event: 453.585 loading class sun/security/ssl/Alert done
Event: 453.611 loading class sun/security/ssl/Alert$AlertConsumer
Event: 453.704 loading class sun/security/ssl/Alert$AlertConsumer done
Event: 453.706 loading class sun/security/ssl/Alert$AlertMessage
Event: 453.731 loading class sun/security/ssl/Alert$AlertMessage done
Event: 453.732 loading class sun/security/ssl/Alert$Level
Event: 453.749 loading class sun/security/ssl/Alert$Level done
Event: 454.127 loading class java/util/concurrent/ConcurrentLinkedQueue$Itr
Event: 454.166 loading class java/util/concurrent/ConcurrentLinkedQueue$Itr done
Event: 642.173 loading class java/text/ParsePosition
Event: 642.207 loading class java/text/ParsePosition done
Event: 642.212 loading class java/time/format/DateTimeParseContext
Event: 642.316 loading class java/time/format/DateTimeParseContext done
Event: 642.319 loading class java/time/format/Parsed
Event: 642.578 loading class java/time/format/Parsed done
Event: 850.765 loading class java/util/concurrent/locks/ReentrantReadWriteLock$Sync$HoldCounter
Event: 850.902 loading class java/util/concurrent/locks/ReentrantReadWriteLock$Sync$HoldCounter done
Event: 852.742 loading class java/util/concurrent/atomic/Striped64$Cell
Event: 852.761 loading class java/util/concurrent/atomic/Striped64$Cell done


Dynamic libraries:
0x00007ff688cc0000 - 0x00007ff688cce000 	C:\Java\jdk-17\bin\java.exe
0x00007ff8bd130000 - 0x00007ff8bd328000 	C:\WINDOWS\SYSTEM32\ntdll.dll
0x00007ff8bb6e0000 - 0x00007ff8bb79d000 	C:\WINDOWS\System32\KERNEL32.DLL
0x00007ff8badc0000 - 0x00007ff8bb0b6000 	C:\WINDOWS\System32\KERNELBASE.dll
0x00007ff8ba9d0000 - 0x00007ff8baad0000 	C:\WINDOWS\System32\ucrtbase.dll
0x00007ff8b2d70000 - 0x00007ff8b2d8a000 	C:\Java\jdk-17\bin\VCRUNTIME140.dll
0x00007ff8b7d60000 - 0x00007ff8b7d78000 	C:\Java\jdk-17\bin\jli.dll
0x00007ff8bc180000 - 0x00007ff8bc31e000 	C:\WINDOWS\System32\USER32.dll
0x00007ff8bac60000 - 0x00007ff8bac82000 	C:\WINDOWS\System32\win32u.dll
0x00007ff8bcc50000 - 0x00007ff8bcc7c000 	C:\WINDOWS\System32\GDI32.dll
0x00007ff8ba800000 - 0x00007ff8ba91a000 	C:\WINDOWS\System32\gdi32full.dll
0x00007ff8bad20000 - 0x00007ff8badbd000 	C:\WINDOWS\System32\msvcp_win.dll
0x00007ff8a2a00000 - 0x00007ff8a2c9a000 	C:\WINDOWS\WinSxS\amd64_microsoft.windows.common-controls_6595b64144ccf1df_6.0.19041.3636_none_60b6a03d71f818d5\COMCTL32.dll
0x00007ff8bbc90000 - 0x00007ff8bbd2e000 	C:\WINDOWS\System32\msvcrt.dll
0x00007ff8bc150000 - 0x00007ff8bc180000 	C:\WINDOWS\System32\IMM32.DLL
0x00007ff8b7d50000 - 0x00007ff8b7d5c000 	C:\Java\jdk-17\bin\vcruntime140_1.dll
0x00007ff8b1be0000 - 0x00007ff8b1c6d000 	C:\Java\jdk-17\bin\msvcp140.dll
0x00007ff875460000 - 0x00007ff87601e000 	C:\Java\jdk-17\bin\server\jvm.dll
0x00007ff8bb7a0000 - 0x00007ff8bb853000 	C:\WINDOWS\System32\ADVAPI32.dll
0x00007ff8bc340000 - 0x00007ff8bc3df000 	C:\WINDOWS\System32\sechost.dll
0x00007ff8bb200000 - 0x00007ff8bb326000 	C:\WINDOWS\System32\RPCRT4.dll
0x00007ff8baad0000 - 0x00007ff8baaf7000 	C:\WINDOWS\System32\bcrypt.dll
0x00007ff8bbc80000 - 0x00007ff8bbc88000 	C:\WINDOWS\System32\PSAPI.DLL
0x00007ff8a2e50000 - 0x00007ff8a2e77000 	C:\WINDOWS\SYSTEM32\WINMM.dll
0x00007ff88d900000 - 0x00007ff88d909000 	C:\WINDOWS\SYSTEM32\WSOCK32.dll
0x00007ff8bb670000 - 0x00007ff8bb6db000 	C:\WINDOWS\System32\WS2_32.dll
0x00007ff8b0c50000 - 0x00007ff8b0c5a000 	C:\WINDOWS\SYSTEM32\VERSION.dll
0x00007ff8b9000000 - 0x00007ff8b9012000 	C:\WINDOWS\SYSTEM32\kernel.appcore.dll
0x00007ff8b2d30000 - 0x00007ff8b2d3a000 	C:\Java\jdk-17\bin\jimage.dll
0x00007ff8b8420000 - 0x00007ff8b8604000 	C:\WINDOWS\SYSTEM32\DBGHELP.DLL
0x00007ff8ab820000 - 0x00007ff8ab854000 	C:\WINDOWS\SYSTEM32\dbgcore.DLL
0x00007ff8bac90000 - 0x00007ff8bad12000 	C:\WINDOWS\System32\bcryptPrimitives.dll
0x00007ff8b2d40000 - 0x00007ff8b2d65000 	C:\Java\jdk-17\bin\java.dll
0x00007ff8b1b00000 - 0x00007ff8b1bd6000 	C:\Java\jdk-17\bin\svml.dll
0x00007ff8bc500000 - 0x00007ff8bcc45000 	C:\WINDOWS\System32\SHELL32.dll
0x00007ff8b8850000 - 0x00007ff8b8feb000 	C:\WINDOWS\SYSTEM32\windows.storage.dll
0x00007ff8bbdf0000 - 0x00007ff8bc144000 	C:\WINDOWS\System32\combase.dll
0x00007ff8ba230000 - 0x00007ff8ba25d000 	C:\WINDOWS\SYSTEM32\Wldp.dll
0x00007ff8bbaf0000 - 0x00007ff8bbb9d000 	C:\WINDOWS\System32\SHCORE.dll
0x00007ff8bb900000 - 0x00007ff8bb955000 	C:\WINDOWS\System32\shlwapi.dll
0x00007ff8ba730000 - 0x00007ff8ba755000 	C:\WINDOWS\SYSTEM32\profapi.dll
0x00007ff8b1900000 - 0x00007ff8b1919000 	C:\Java\jdk-17\bin\net.dll
0x00007ff8b1300000 - 0x00007ff8b140a000 	C:\WINDOWS\SYSTEM32\WINHTTP.dll
0x00007ff8b9f90000 - 0x00007ff8b9ffa000 	C:\WINDOWS\system32\mswsock.dll
0x00007ff8b18e0000 - 0x00007ff8b18f5000 	C:\Java\jdk-17\bin\nio.dll
0x00007ff8b30c0000 - 0x00007ff8b30d8000 	C:\Java\jdk-17\bin\zip.dll
0x00007ff8b9c80000 - 0x00007ff8b9d4a000 	C:\WINDOWS\SYSTEM32\DNSAPI.dll
0x00007ff8b9c30000 - 0x00007ff8b9c6b000 	C:\WINDOWS\SYSTEM32\IPHLPAPI.DLL
0x00007ff8bb330000 - 0x00007ff8bb338000 	C:\WINDOWS\System32\NSI.dll
0x00007ff8aa0a0000 - 0x00007ff8aa0aa000 	C:\Windows\System32\rasadhlp.dll
0x00007ff8aad80000 - 0x00007ff8aae00000 	C:\WINDOWS\System32\fwpuclnt.dll
0x00007ff8ba180000 - 0x00007ff8ba198000 	C:\WINDOWS\SYSTEM32\CRYPTSP.dll
0x00007ff8b9820000 - 0x00007ff8b9854000 	C:\WINDOWS\system32\rsaenh.dll
0x00007ff8ba6f0000 - 0x00007ff8ba71e000 	C:\WINDOWS\SYSTEM32\USERENV.dll
0x00007ff8ba1a0000 - 0x00007ff8ba1ac000 	C:\WINDOWS\SYSTEM32\CRYPTBASE.dll
0x00007ff8abef0000 - 0x00007ff8abf07000 	C:\WINDOWS\SYSTEM32\dhcpcsvc6.DLL
0x00007ff8b0c30000 - 0x00007ff8b0c4d000 	C:\WINDOWS\SYSTEM32\dhcpcsvc.DLL
0x00007ff8a3960000 - 0x00007ff8a396e000 	C:\Java\jdk-17\bin\sunmscapi.dll
0x00007ff8bab00000 - 0x00007ff8bac5d000 	C:\WINDOWS\System32\CRYPT32.dll
0x00007ff8ba2a0000 - 0x00007ff8ba2c8000 	C:\WINDOWS\SYSTEM32\ncrypt.dll
0x00007ff8ba260000 - 0x00007ff8ba29b000 	C:\WINDOWS\SYSTEM32\NTASN1.dll
0x00007ff8b3240000 - 0x00007ff8b3249000 	C:\Java\jdk-17\bin\management.dll
0x00007ff8b3230000 - 0x00007ff8b323b000 	C:\Java\jdk-17\bin\management_ext.dll
0x00007ff8b2ad0000 - 0x00007ff8b2ae0000 	C:\Java\jdk-17\bin\verify.dll
0x00007ff87b040000 - 0x00007ff87b047000 	C:\WINDOWS\system32\wshunix.dll

dbghelp: loaded successfully - version: 4.0.5 - missing functions: none
symbol engine: initialized successfully - sym options: 0x614 - pdb path: .;C:\Java\jdk-17\bin;C:\WINDOWS\SYSTEM32;C:\WINDOWS\WinSxS\amd64_microsoft.windows.common-controls_6595b64144ccf1df_6.0.19041.3636_none_60b6a03d71f818d5;C:\Java\jdk-17\bin\server

VM Arguments:
jvm_args: -Dfile.encoding=x-windows-949 -Duser.country=KR -Duser.language=ko -Duser.variant 
java_command: com.buddyFriends.buddyFriends.BuddyFriendsApplication
java_class_path (initial): C:\conerthon\back-end\buddyFriends\build\classes\java\main;C:\conerthon\back-end\buddyFriends\build\resources\main;C:\Users\16\.gradle\caches\modules-2\files-2.1\org.springframework.boot\spring-boot-starter-data-jpa\3.1.8\d157dc734feb12cb2c8525d1ef67ee7cd95795aa\spring-boot-starter-data-jpa-3.1.8.jar;C:\Users\16\.gradle\caches\modules-2\files-2.1\org.springframework.boot\spring-boot-starter-web\3.1.8\f72ce8b84b6d5ea6d3cd51d629764a9597d27139\spring-boot-starter-web-3.1.8.jar;C:\Users\16\.gradle\caches\modules-2\files-2.1\org.springframework.cloud\spring-cloud-starter-aws\2.2.6.RELEASE\9d7c330b3f4aa477df2db27dd875a0e63a49456\spring-cloud-starter-aws-2.2.6.RELEASE.jar;C:\Users\16\.gradle\caches\modules-2\files-2.1\com.mysql\mysql-connector-j\8.0.33\9e64d997873abc4318620264703d3fdb6b02dd5a\mysql-connector-j-8.0.33.jar;C:\Users\16\.gradle\caches\modules-2\files-2.1\org.springframework.boot\spring-boot-starter-aop\3.1.8\64b165c608e42f99caf5cd298aeb7fdfea57a958\spring-boot-starter-aop-3.1.8.jar;C:\Users\16\.gradle\caches\modules-2\files-2.1\org.springframework.boot\spring-boot-starter-jdbc\3.1.8\206d7227773ac5d6cc841f9ddefd5c35af907e3b\spring-boot-starter-jdbc-3.1.8.jar;C:\Users\16\.gradle\caches\modules-2\files-2.1\org.hibernate.orm\hibernate-core\6.2.20.Final\3d7cd85a7402632222f84a7c804028178bc2a346\hibernate-core-6.2.20.Final.jar;C:\Users\16\.gradle\caches\modules-2\files-2.1\org.springframework.data\spring-data-jpa\3.1.8\ba81dddada13a33acc8c153c1e3c23a9f9ba2684\spring-data-jpa-3.1.8.jar;C:\Users\16\.gradle\caches\modules-2\files-2.1\org.springframework\spring-aspects\6.0.16\74eacdfb38b90d334b7fa56016c048c60314dd2c\spring-aspects-6.0.16.jar;C:\Users\16\.gradle\caches\modules-2\files-2.1\org.springframework.boot\spring-boot-starter-json\3.1.8\2803ff01bc49652a7bf197a3c971988153502368\spring-boot-starter-json-3.1.8.jar;C:\Users\16\.gradle\caches\modules-2\files-2.1\org.springfram
Launcher Type: SUN_STANDARD

[Global flags]
     intx CICompilerCount                          = 4                                         {product} {ergonomic}
     uint ConcGCThreads                            = 2                                         {product} {ergonomic}
     uint G1ConcRefinementThreads                  = 8                                         {product} {ergonomic}
   size_t G1HeapRegionSize                         = 1048576                                   {product} {ergonomic}
    uintx GCDrainStackTargetSize                   = 64                                        {product} {ergonomic}
   size_t InitialHeapSize                          = 65011712                                  {product} {ergonomic}
   size_t MarkStackSize                            = 4194304                                   {product} {ergonomic}
   size_t MaxHeapSize                              = 1031798784                                {product} {ergonomic}
   size_t MaxNewSize                               = 618659840                                 {product} {ergonomic}
   size_t MinHeapDeltaBytes                        = 1048576                                   {product} {ergonomic}
   size_t MinHeapSize                              = 8388608                                   {product} {ergonomic}
    uintx NonNMethodCodeHeapSize                   = 5839372                                {pd product} {ergonomic}
    uintx NonProfiledCodeHeapSize                  = 122909434                              {pd product} {ergonomic}
    uintx ProfiledCodeHeapSize                     = 122909434                              {pd product} {ergonomic}
    uintx ReservedCodeCacheSize                    = 251658240                              {pd product} {ergonomic}
     bool SegmentedCodeCache                       = true                                      {product} {ergonomic}
   size_t SoftMaxHeapSize                          = 1031798784                             {manageable} {ergonomic}
     bool UseCompressedClassPointers               = true                           {product lp64_product} {ergonomic}
     bool UseCompressedOops                        = true                           {product lp64_product} {ergonomic}
     bool UseG1GC                                  = true                                      {product} {ergonomic}
     bool UseLargePagesIndividualAllocation        = false                                  {pd product} {ergonomic}

Logging:
Log output configuration:
 #0: stdout all=warning uptime,level,tags
 #1: stderr all=off uptime,level,tags

Environment Variables:
JAVA_HOME=C:\Java\jdk-17
PATH=C:\Java\jdk-17\bin;C:\Program Files\Eclipse Adoptium\jdk-11.0.16.101-hotspot\bin;C:\Windows\system32;C:\Windows;C:\Windows\System32\Wbem;C:\Windows\System32\WindowsPowerShell\v1.0\;C:\Windows\System32\OpenSSH\;C:\Program Files (x86)\NVIDIA Corporation\PhysX\Common;C:\Program Files\NVIDIA Corporation\NVIDIA NvDLISR;C:\Program Files\Git\cmd;C:\Users\16\AppData\Local\Programs\Python\Python310;C:\Users\16\AppData\Local\Programs\Python\Python310\Scripts;C:\Program Files\nodejs\;C:\WINDOWS\system32;C:\WINDOWS;C:\WINDOWS\System32\Wbem;C:\WINDOWS\System32\WindowsPowerShell\v1.0\;C:\WINDOWS\System32\OpenSSH\;C:\Program Files\PowerShell\7\;C:\Scoop\apps\android-sdk\current\tools\bin;C:\Scoop\apps\vscode\current\bin;C:\Scoop\apps\temurin8-jdk\current\bin;C:\Scoop\apps\nodejs-lts\current\bin;C:\Scoop\apps\nodejs-lts\current;C:\Scoop\shims;C:\Users\16\AppData\Local\Programs\Python\Python310\Scripts\;C:\Users\16\AppData\Local\Programs\Python\Python310\;C:\Users\16\AppData\Local\Microsoft\WindowsApps;C:\Users\16\AppData\Local\Programs\Microsoft VS Code\bin;C:\Users\16\AppData\Roaming\npm
USERNAME=16
OS=Windows_NT
PROCESSOR_IDENTIFIER=Intel64 Family 6 Model 142 Stepping 12, GenuineIntel



---------------  S Y S T E M  ---------------

OS:
 Windows 10 , 64 bit Build 19041 (10.0.19041.3636)
OS uptime: 0 days 3:02 hours
Hyper-V role detected

CPU: total 8 (initial active 8) (4 cores per cpu, 2 threads per core) family 6 model 142 stepping 12 microcode 0xd6, cx8, cmov, fxsr, ht, mmx, 3dnowpref, sse, sse2, sse3, ssse3, sse4.1, sse4.2, popcnt, lzcnt, tsc, tscinvbit, avx, avx2, aes, erms, clmul, bmi1, bmi2, adx, fma, vzeroupper, clflush, clflushopt, hv

Memory: 4k page, system-wide physical 3929M (75M free)
TotalPageFile size 16217M (AvailPageFile size 5M)
current process WorkingSet (physical memory assigned to process): 141M, peak: 208M
current process commit charge ("private bytes"): 389M, peak: 395M

vm_info: OpenJDK 64-Bit Server VM (17+35-2724) for windows-amd64 JRE (17+35-2724), built on Aug  5 2021 23:26:02 by "mach5one" with MS VC++ 16.8 (VS2019)

END.
